[0.016s] Invoking command in '/ros2_ws/build/tutorial_launch': CMAKE_PREFIX_PATH=/opt/ros/foxy /usr/bin/cmake /ros2_ws/tutorial_launch -DAMENT_CMAKE_SYMLINK_INSTALL=1 -DCMAKE_INSTALL_PREFIX=/ros2_ws/install/tutorial_launch
[0.032s] -- Found ament_cmake: 0.9.12 (/opt/ros/foxy/share/ament_cmake/cmake)
[0.053s] -- Using PYTHON_EXECUTABLE: /usr/bin/python3
[0.190s] -- Override CMake install command with custom implementation using symlinks instead of copying resources
[0.253s] -- Configuring done
[0.255s] -- Generating done
[0.255s] -- Build files have been written to: /ros2_ws/build/tutorial_launch
[0.257s] Invoked command in '/ros2_ws/build/tutorial_launch' returned '0': CMAKE_PREFIX_PATH=/opt/ros/foxy /usr/bin/cmake /ros2_ws/tutorial_launch -DAMENT_CMAKE_SYMLINK_INSTALL=1 -DCMAKE_INSTALL_PREFIX=/ros2_ws/install/tutorial_launch
[0.260s] Invoking command in '/ros2_ws/build/tutorial_launch': CMAKE_PREFIX_PATH=/opt/ros/foxy /usr/bin/cmake --build /ros2_ws/build/tutorial_launch -- -j8 -l8
[0.299s] Invoked command in '/ros2_ws/build/tutorial_launch' returned '0': CMAKE_PREFIX_PATH=/opt/ros/foxy /usr/bin/cmake --build /ros2_ws/build/tutorial_launch -- -j8 -l8
[0.333s] Invoking command in '/ros2_ws/build/tutorial_launch': CMAKE_PREFIX_PATH=/opt/ros/foxy /usr/bin/cmake --install /ros2_ws/build/tutorial_launch
[0.341s] -- Install configuration: ""
[0.342s] -- Execute custom install script
[0.342s] -- Symlinking: /ros2_ws/install/tutorial_launch/share/tutorial_launch//launch/helloworld.launch.py
[0.352s] -- Symlinking: /ros2_ws/install/tutorial_launch/share/tutorial_launch//launch/helloworld.launch.py~
[0.362s] -- Symlinking: /ros2_ws/install/tutorial_launch/share/tutorial_launch//launch/remap.launch.py
[0.372s] -- Symlinking: /ros2_ws/install/tutorial_launch/share/tutorial_launch//launch/remap.launch.py~
[0.381s] -- Symlinking: /ros2_ws/install/tutorial_launch/share/tutorial_launch//launch/topic.launch.py
[0.390s] -- Symlinking: /ros2_ws/install/tutorial_launch/share/tutorial_launch//launch/topic.launch.py~
[0.399s] -- Symlinking: /ros2_ws/install/tutorial_launch/share/ament_index/resource_index/package_run_dependencies/tutorial_launch
[0.409s] -- Symlinking: /ros2_ws/install/tutorial_launch/share/ament_index/resource_index/parent_prefix_path/tutorial_launch
[0.419s] -- Symlinking: /ros2_ws/install/tutorial_launch/share/tutorial_launch/environment/ament_prefix_path.sh
[0.428s] -- Symlinking: /ros2_ws/install/tutorial_launch/share/tutorial_launch/environment/ament_prefix_path.dsv
[0.437s] -- Symlinking: /ros2_ws/install/tutorial_launch/share/tutorial_launch/environment/path.sh
[0.447s] -- Symlinking: /ros2_ws/install/tutorial_launch/share/tutorial_launch/environment/path.dsv
[0.456s] -- Symlinking: /ros2_ws/install/tutorial_launch/share/tutorial_launch/local_setup.bash
[0.465s] -- Symlinking: /ros2_ws/install/tutorial_launch/share/tutorial_launch/local_setup.sh
[0.474s] -- Symlinking: /ros2_ws/install/tutorial_launch/share/tutorial_launch/local_setup.zsh
[0.483s] -- Symlinking: /ros2_ws/install/tutorial_launch/share/tutorial_launch/local_setup.dsv
[0.493s] -- Symlinking: /ros2_ws/install/tutorial_launch/share/tutorial_launch/package.dsv
[0.502s] -- Symlinking: /ros2_ws/install/tutorial_launch/share/ament_index/resource_index/packages/tutorial_launch
[0.512s] -- Symlinking: /ros2_ws/install/tutorial_launch/share/tutorial_launch/cmake/tutorial_launchConfig.cmake
[0.521s] -- Symlinking: /ros2_ws/install/tutorial_launch/share/tutorial_launch/cmake/tutorial_launchConfig-version.cmake
[0.530s] -- Symlinking: /ros2_ws/install/tutorial_launch/share/tutorial_launch/package.xml
[0.542s] Invoked command in '/ros2_ws/build/tutorial_launch' returned '0': CMAKE_PREFIX_PATH=/opt/ros/foxy /usr/bin/cmake --install /ros2_ws/build/tutorial_launch
