[0.016s] Invoking command in '/ros2_ws/build/tutorial_launch': CMAKE_PREFIX_PATH=/opt/ros/foxy /usr/bin/cmake /ros2_ws/tutorial_launch -DCMAKE_INSTALL_PREFIX=/ros2_ws/install/tutorial_launch
[0.112s] -- The C compiler identification is GNU 9.4.0
[0.163s] -- The CXX compiler identification is GNU 9.4.0
[0.168s] -- Check for working C compiler: /usr/bin/cc
[0.233s] -- Check for working C compiler: /usr/bin/cc -- works
[0.234s] -- Detecting C compiler ABI info
[0.299s] -- Detecting C compiler ABI info - done
[0.313s] -- Detecting C compile features
[0.313s] -- Detecting C compile features - done
[0.316s] -- Check for working CXX compiler: /usr/bin/c++
[0.391s] -- Check for working CXX compiler: /usr/bin/c++ -- works
[0.392s] -- Detecting CXX compiler ABI info
[0.470s] -- Detecting CXX compiler ABI info - done
[0.482s] -- Detecting CXX compile features
[0.483s] -- Detecting CXX compile features - done
[0.485s] -- Found ament_cmake: 0.9.12 (/opt/ros/foxy/share/ament_cmake/cmake)
[0.510s] -- Found PythonInterp: /usr/bin/python3 (found suitable version "3.8.10", minimum required is "3") 
[0.510s] -- Using PYTHON_EXECUTABLE: /usr/bin/python3
[0.719s] -- Configuring done
[0.721s] -- Generating done
[0.722s] -- Build files have been written to: /ros2_ws/build/tutorial_launch
[0.725s] Invoked command in '/ros2_ws/build/tutorial_launch' returned '0': CMAKE_PREFIX_PATH=/opt/ros/foxy /usr/bin/cmake /ros2_ws/tutorial_launch -DCMAKE_INSTALL_PREFIX=/ros2_ws/install/tutorial_launch
[0.728s] Invoking command in '/ros2_ws/build/tutorial_launch': CMAKE_PREFIX_PATH=/opt/ros/foxy /usr/bin/cmake --build /ros2_ws/build/tutorial_launch -- -j8 -l8
[0.766s] Invoked command in '/ros2_ws/build/tutorial_launch' returned '0': CMAKE_PREFIX_PATH=/opt/ros/foxy /usr/bin/cmake --build /ros2_ws/build/tutorial_launch -- -j8 -l8
[0.800s] Invoking command in '/ros2_ws/build/tutorial_launch': CMAKE_PREFIX_PATH=/opt/ros/foxy /usr/bin/cmake --install /ros2_ws/build/tutorial_launch
[0.810s] -- Install configuration: ""
[0.810s] -- Installing: /ros2_ws/install/tutorial_launch/share/tutorial_launch//launch
[0.810s] -- Installing: /ros2_ws/install/tutorial_launch/share/tutorial_launch//launch/helloworld.launch.py~
[0.810s] -- Installing: /ros2_ws/install/tutorial_launch/share/tutorial_launch//launch/helloworld.launch.py
[0.810s] -- Installing: /ros2_ws/install/tutorial_launch/share/ament_index/resource_index/package_run_dependencies/tutorial_launch
[0.810s] -- Installing: /ros2_ws/install/tutorial_launch/share/ament_index/resource_index/parent_prefix_path/tutorial_launch
[0.811s] -- Installing: /ros2_ws/install/tutorial_launch/share/tutorial_launch/environment/ament_prefix_path.sh
[0.811s] -- Installing: /ros2_ws/install/tutorial_launch/share/tutorial_launch/environment/ament_prefix_path.dsv
[0.811s] -- Installing: /ros2_ws/install/tutorial_launch/share/tutorial_launch/environment/path.sh
[0.811s] -- Installing: /ros2_ws/install/tutorial_launch/share/tutorial_launch/environment/path.dsv
[0.811s] -- Installing: /ros2_ws/install/tutorial_launch/share/tutorial_launch/local_setup.bash
[0.811s] -- Installing: /ros2_ws/install/tutorial_launch/share/tutorial_launch/local_setup.sh
[0.811s] -- Installing: /ros2_ws/install/tutorial_launch/share/tutorial_launch/local_setup.zsh
[0.812s] -- Installing: /ros2_ws/install/tutorial_launch/share/tutorial_launch/local_setup.dsv
[0.812s] -- Installing: /ros2_ws/install/tutorial_launch/share/tutorial_launch/package.dsv
[0.812s] -- Installing: /ros2_ws/install/tutorial_launch/share/ament_index/resource_index/packages/tutorial_launch
[0.812s] -- Installing: /ros2_ws/install/tutorial_launch/share/tutorial_launch/cmake/tutorial_launchConfig.cmake
[0.812s] -- Installing: /ros2_ws/install/tutorial_launch/share/tutorial_launch/cmake/tutorial_launchConfig-version.cmake
[0.812s] -- Installing: /ros2_ws/install/tutorial_launch/share/tutorial_launch/package.xml
[0.814s] Invoked command in '/ros2_ws/build/tutorial_launch' returned '0': CMAKE_PREFIX_PATH=/opt/ros/foxy /usr/bin/cmake --install /ros2_ws/build/tutorial_launch
