-- Install configuration: ""
-- Execute custom install script
-- Symlinking: /ros2_ws/install/tutorial_launch/share/tutorial_launch//launch/client.launch.py
-- Up-to-date symlink: /ros2_ws/install/tutorial_launch/share/tutorial_launch//launch/helloworld.launch.py
-- Up-to-date symlink: /ros2_ws/install/tutorial_launch/share/tutorial_launch//launch/helloworld.launch.py~
-- Symlinking: /ros2_ws/install/tutorial_launch/share/tutorial_launch//launch/include.launch.py
-- Up-to-date symlink: /ros2_ws/install/tutorial_launch/share/tutorial_launch//launch/parameter.launch.py
-- Up-to-date symlink: /ros2_ws/install/tutorial_launch/share/tutorial_launch//launch/parameter.launch.py~
-- Up-to-date symlink: /ros2_ws/install/tutorial_launch/share/tutorial_launch//launch/parameter_yaml.launch.py
-- Up-to-date symlink: /ros2_ws/install/tutorial_launch/share/tutorial_launch//launch/remap.launch.py
-- Up-to-date symlink: /ros2_ws/install/tutorial_launch/share/tutorial_launch//launch/remap.launch.py~
-- Symlinking: /ros2_ws/install/tutorial_launch/share/tutorial_launch//launch/server.launch.py
-- Up-to-date symlink: /ros2_ws/install/tutorial_launch/share/tutorial_launch//launch/topic.launch.py
-- Up-to-date symlink: /ros2_ws/install/tutorial_launch/share/tutorial_launch//launch/topic.launch.py~
-- Up-to-date symlink: /ros2_ws/install/tutorial_launch/share/ament_index/resource_index/package_run_dependencies/tutorial_launch
-- Up-to-date symlink: /ros2_ws/install/tutorial_launch/share/ament_index/resource_index/parent_prefix_path/tutorial_launch
-- Up-to-date symlink: /ros2_ws/install/tutorial_launch/share/tutorial_launch/environment/ament_prefix_path.sh
-- Up-to-date symlink: /ros2_ws/install/tutorial_launch/share/tutorial_launch/environment/ament_prefix_path.dsv
-- Up-to-date symlink: /ros2_ws/install/tutorial_launch/share/tutorial_launch/environment/path.sh
-- Up-to-date symlink: /ros2_ws/install/tutorial_launch/share/tutorial_launch/environment/path.dsv
-- Up-to-date symlink: /ros2_ws/install/tutorial_launch/share/tutorial_launch/local_setup.bash
-- Up-to-date symlink: /ros2_ws/install/tutorial_launch/share/tutorial_launch/local_setup.sh
-- Up-to-date symlink: /ros2_ws/install/tutorial_launch/share/tutorial_launch/local_setup.zsh
-- Up-to-date symlink: /ros2_ws/install/tutorial_launch/share/tutorial_launch/local_setup.dsv
-- Symlinking: /ros2_ws/install/tutorial_launch/share/tutorial_launch/package.dsv
-- Up-to-date symlink: /ros2_ws/install/tutorial_launch/share/ament_index/resource_index/packages/tutorial_launch
-- Up-to-date symlink: /ros2_ws/install/tutorial_launch/share/tutorial_launch/cmake/tutorial_launchConfig.cmake
-- Up-to-date symlink: /ros2_ws/install/tutorial_launch/share/tutorial_launch/cmake/tutorial_launchConfig-version.cmake
-- Up-to-date symlink: /ros2_ws/install/tutorial_launch/share/tutorial_launch/package.xml
