[0.019s] Invoking command in '/ros2_ws/build/tutorial_launch': CMAKE_PREFIX_PATH=/opt/ros/foxy /usr/bin/cmake --build /ros2_ws/build/tutorial_launch -- -j8 -l8
[0.058s] Invoked command in '/ros2_ws/build/tutorial_launch' returned '0': CMAKE_PREFIX_PATH=/opt/ros/foxy /usr/bin/cmake --build /ros2_ws/build/tutorial_launch -- -j8 -l8
[0.094s] Invoking command in '/ros2_ws/build/tutorial_launch': CMAKE_PREFIX_PATH=/opt/ros/foxy /usr/bin/cmake --install /ros2_ws/build/tutorial_launch
[0.103s] -- Install configuration: ""
[0.104s] -- Execute custom install script
[0.104s] -- Up-to-date symlink: /ros2_ws/install/tutorial_launch/share/tutorial_launch//launch/helloworld.launch.py
[0.105s] -- Up-to-date symlink: /ros2_ws/install/tutorial_launch/share/tutorial_launch//launch/helloworld.launch.py~
[0.105s] -- Symlinking: /ros2_ws/install/tutorial_launch/share/tutorial_launch//launch/parameter.launch.py
[0.114s] -- Symlinking: /ros2_ws/install/tutorial_launch/share/tutorial_launch//launch/parameter.launch.py~
[0.123s] -- Symlinking: /ros2_ws/install/tutorial_launch/share/tutorial_launch//launch/parameter_yaml.launch.py
[0.133s] -- Up-to-date symlink: /ros2_ws/install/tutorial_launch/share/tutorial_launch//launch/remap.launch.py
[0.133s] -- Up-to-date symlink: /ros2_ws/install/tutorial_launch/share/tutorial_launch//launch/remap.launch.py~
[0.133s] -- Up-to-date symlink: /ros2_ws/install/tutorial_launch/share/tutorial_launch//launch/topic.launch.py
[0.133s] -- Up-to-date symlink: /ros2_ws/install/tutorial_launch/share/tutorial_launch//launch/topic.launch.py~
[0.133s] -- Up-to-date symlink: /ros2_ws/install/tutorial_launch/share/ament_index/resource_index/package_run_dependencies/tutorial_launch
[0.134s] -- Up-to-date symlink: /ros2_ws/install/tutorial_launch/share/ament_index/resource_index/parent_prefix_path/tutorial_launch
[0.134s] -- Up-to-date symlink: /ros2_ws/install/tutorial_launch/share/tutorial_launch/environment/ament_prefix_path.sh
[0.134s] -- Up-to-date symlink: /ros2_ws/install/tutorial_launch/share/tutorial_launch/environment/ament_prefix_path.dsv
[0.134s] -- Up-to-date symlink: /ros2_ws/install/tutorial_launch/share/tutorial_launch/environment/path.sh
[0.135s] -- Up-to-date symlink: /ros2_ws/install/tutorial_launch/share/tutorial_launch/environment/path.dsv
[0.135s] -- Up-to-date symlink: /ros2_ws/install/tutorial_launch/share/tutorial_launch/local_setup.bash
[0.135s] -- Up-to-date symlink: /ros2_ws/install/tutorial_launch/share/tutorial_launch/local_setup.sh
[0.135s] -- Up-to-date symlink: /ros2_ws/install/tutorial_launch/share/tutorial_launch/local_setup.zsh
[0.136s] -- Up-to-date symlink: /ros2_ws/install/tutorial_launch/share/tutorial_launch/local_setup.dsv
[0.136s] -- Symlinking: /ros2_ws/install/tutorial_launch/share/tutorial_launch/package.dsv
[0.145s] -- Up-to-date symlink: /ros2_ws/install/tutorial_launch/share/ament_index/resource_index/packages/tutorial_launch
[0.145s] -- Up-to-date symlink: /ros2_ws/install/tutorial_launch/share/tutorial_launch/cmake/tutorial_launchConfig.cmake
[0.146s] -- Up-to-date symlink: /ros2_ws/install/tutorial_launch/share/tutorial_launch/cmake/tutorial_launchConfig-version.cmake
[0.146s] -- Up-to-date symlink: /ros2_ws/install/tutorial_launch/share/tutorial_launch/package.xml
[0.148s] Invoked command in '/ros2_ws/build/tutorial_launch' returned '0': CMAKE_PREFIX_PATH=/opt/ros/foxy /usr/bin/cmake --install /ros2_ws/build/tutorial_launch
