[0.017s] Invoking command in '/ros2_ws/build/tutorial_launch': CMAKE_PREFIX_PATH=/opt/ros/foxy /usr/bin/cmake --build /ros2_ws/build/tutorial_launch -- -j8 -l8
[0.059s] Invoked command in '/ros2_ws/build/tutorial_launch' returned '0': CMAKE_PREFIX_PATH=/opt/ros/foxy /usr/bin/cmake --build /ros2_ws/build/tutorial_launch -- -j8 -l8
[0.092s] Invoking command in '/ros2_ws/build/tutorial_launch': CMAKE_PREFIX_PATH=/opt/ros/foxy /usr/bin/cmake --install /ros2_ws/build/tutorial_launch
[0.100s] -- Install configuration: ""
[0.100s] -- Up-to-date: /ros2_ws/install/tutorial_launch/share/tutorial_launch//launch
[0.100s] -- Up-to-date: /ros2_ws/install/tutorial_launch/share/tutorial_launch//launch/helloworld.launch.py~
[0.101s] -- Up-to-date: /ros2_ws/install/tutorial_launch/share/tutorial_launch//launch/helloworld.launch.py
[0.101s] -- Installing: /ros2_ws/install/tutorial_launch/share/tutorial_launch//launch/topic.launch.py
[0.101s] -- Up-to-date: /ros2_ws/install/tutorial_launch/share/ament_index/resource_index/package_run_dependencies/tutorial_launch
[0.101s] -- Up-to-date: /ros2_ws/install/tutorial_launch/share/ament_index/resource_index/parent_prefix_path/tutorial_launch
[0.101s] -- Up-to-date: /ros2_ws/install/tutorial_launch/share/tutorial_launch/environment/ament_prefix_path.sh
[0.101s] -- Up-to-date: /ros2_ws/install/tutorial_launch/share/tutorial_launch/environment/ament_prefix_path.dsv
[0.101s] -- Up-to-date: /ros2_ws/install/tutorial_launch/share/tutorial_launch/environment/path.sh
[0.101s] -- Up-to-date: /ros2_ws/install/tutorial_launch/share/tutorial_launch/environment/path.dsv
[0.101s] -- Up-to-date: /ros2_ws/install/tutorial_launch/share/tutorial_launch/local_setup.bash
[0.101s] -- Up-to-date: /ros2_ws/install/tutorial_launch/share/tutorial_launch/local_setup.sh
[0.101s] -- Up-to-date: /ros2_ws/install/tutorial_launch/share/tutorial_launch/local_setup.zsh
[0.101s] -- Up-to-date: /ros2_ws/install/tutorial_launch/share/tutorial_launch/local_setup.dsv
[0.101s] -- Up-to-date: /ros2_ws/install/tutorial_launch/share/tutorial_launch/package.dsv
[0.102s] -- Up-to-date: /ros2_ws/install/tutorial_launch/share/ament_index/resource_index/packages/tutorial_launch
[0.102s] -- Up-to-date: /ros2_ws/install/tutorial_launch/share/tutorial_launch/cmake/tutorial_launchConfig.cmake
[0.102s] -- Up-to-date: /ros2_ws/install/tutorial_launch/share/tutorial_launch/cmake/tutorial_launchConfig-version.cmake
[0.102s] -- Up-to-date: /ros2_ws/install/tutorial_launch/share/tutorial_launch/package.xml
[0.104s] Invoked command in '/ros2_ws/build/tutorial_launch' returned '0': CMAKE_PREFIX_PATH=/opt/ros/foxy /usr/bin/cmake --install /ros2_ws/build/tutorial_launch
